0 info it worked if it ends with ok
1 verbose cli [ 'C:\\Program Files\\nodejs\\node.exe',
1 verbose cli   'C:\\Program Files\\nodejs\\node_modules\\npm\\bin\\npm-cli.js',
1 verbose cli   'i',
1 verbose cli   '-g',
1 verbose cli   'raml2html-markdown-theme',
1 verbose cli   'api.raml' ]
2 info using npm@3.10.10
3 info using node@v6.11.0
4 silly loadCurrentTree Starting
5 silly install loadCurrentTree
6 silly install readGlobalPackageData
7 silly fetchPackageMetaData raml2html-markdown-theme
8 silly fetchPackageMetaData api.raml
9 silly fetchNamedPackageData raml2html-markdown-theme
10 silly mapToRegistry name raml2html-markdown-theme
11 silly mapToRegistry using default registry
12 silly mapToRegistry registry https://registry.npmjs.org/
13 silly mapToRegistry data Result {
13 silly mapToRegistry   raw: 'raml2html-markdown-theme',
13 silly mapToRegistry   scope: null,
13 silly mapToRegistry   escapedName: 'raml2html-markdown-theme',
13 silly mapToRegistry   name: 'raml2html-markdown-theme',
13 silly mapToRegistry   rawSpec: '',
13 silly mapToRegistry   spec: 'latest',
13 silly mapToRegistry   type: 'tag' }
14 silly mapToRegistry uri https://registry.npmjs.org/raml2html-markdown-theme
15 silly fetchOtherPackageData api.raml
16 silly cache add args [ 'api.raml', null ]
17 verbose cache add spec api.raml
18 silly cache add parsed spec Result {
18 silly cache add   raw: 'api.raml',
18 silly cache add   scope: null,
18 silly cache add   escapedName: 'api.raml',
18 silly cache add   name: null,
18 silly cache add   rawSpec: 'api.raml',
18 silly cache add   spec: 'C:\\Users\\jaco.cebula\\Source\\Repos\\api\\api.raml',
18 silly cache add   type: 'local' }
19 silly addLocalTarball shasum (computed) b7cc855b73d2c2d6d5ea5fe69db9f65329892336
20 verbose addTmpTarball C:\Users\jaco.cebula\Source\Repos\api\api.raml not in flight; adding
21 verbose correctMkdir C:\Users\jaco.cebula\AppData\Roaming\npm-cache correctMkdir not in flight; initializing
22 verbose addTmpTarball validating metadata from C:\Users\jaco.cebula\Source\Repos\api\api.raml
23 verbose tar unpack C:\Users\jaco.cebula\Source\Repos\api\api.raml
24 verbose tar unpacking to C:\Users\JACO~1.CEB\AppData\Local\Temp\npm-17912-9a81ccf2\unpack-ab79115a
25 silly gentlyRm C:\Users\JACO~1.CEB\AppData\Local\Temp\npm-17912-9a81ccf2\unpack-ab79115a is being purged
26 verbose gentlyRm don't care about contents; nuking C:\Users\JACO~1.CEB\AppData\Local\Temp\npm-17912-9a81ccf2\unpack-ab79115a
27 silly gunzTarPerm modes [ '777', '666' ]
28 verbose request uri https://registry.npmjs.org/raml2html-markdown-theme
29 verbose request no auth needed
30 info attempt registry request try #1 at 3:42:13 PM
31 verbose request id ccf098323e2e6498
32 verbose etag W/"59356410-146c"
33 verbose lastModified Mon, 05 Jun 2017 14:00:48 GMT
34 http request GET https://registry.npmjs.org/raml2html-markdown-theme
35 error not a package C:\Users\jaco.cebula\Source\Repos\api\api.raml
36 error addLocal Could not install C:\Users\jaco.cebula\Source\Repos\api\api.raml
37 silly fetchPackageMetaData Error: ENOENT: no such file or directory, open 'C:\Users\JACO~1.CEB\AppData\Local\Temp\npm-17912-9a81ccf2\unpack-ab79115a\package.json'
37 silly fetchPackageMetaData     at Error (native)
37 silly fetchPackageMetaData  error for api.raml { Error: ENOENT: no such file or directory, open 'C:\Users\JACO~1.CEB\AppData\Local\Temp\npm-17912-9a81ccf2\unpack-ab79115a\package.json'
37 silly fetchPackageMetaData     at Error (native)
37 silly fetchPackageMetaData   errno: -4058,
37 silly fetchPackageMetaData   code: 'ENOENT',
37 silly fetchPackageMetaData   syscall: 'open',
37 silly fetchPackageMetaData   path: 'C:\\Users\\JACO~1.CEB\\AppData\\Local\\Temp\\npm-17912-9a81ccf2\\unpack-ab79115a\\package.json' }
38 http 304 https://registry.npmjs.org/raml2html-markdown-theme
39 verbose headers { date: 'Mon, 26 Jun 2017 14:42:13 GMT',
39 verbose headers   via: '1.1 varnish',
39 verbose headers   'cache-control': 'max-age=300',
39 verbose headers   etag: 'W/"59356410-146c"',
39 verbose headers   age: '0',
39 verbose headers   connection: 'keep-alive',
39 verbose headers   'x-served-by': 'cache-lcy1149-LCY',
39 verbose headers   'x-cache': 'MISS',
39 verbose headers   'x-cache-hits': '0',
39 verbose headers   'x-timer': 'S1498488134.934269,VS0,VE26',
39 verbose headers   vary: 'Accept-Encoding' }
40 silly get cb [ 304,
40 silly get   { date: 'Mon, 26 Jun 2017 14:42:13 GMT',
40 silly get     via: '1.1 varnish',
40 silly get     'cache-control': 'max-age=300',
40 silly get     etag: 'W/"59356410-146c"',
40 silly get     age: '0',
40 silly get     connection: 'keep-alive',
40 silly get     'x-served-by': 'cache-lcy1149-LCY',
40 silly get     'x-cache': 'MISS',
40 silly get     'x-cache-hits': '0',
40 silly get     'x-timer': 'S1498488134.934269,VS0,VE26',
40 silly get     vary: 'Accept-Encoding' } ]
41 verbose etag https://registry.npmjs.org/raml2html-markdown-theme from cache
42 verbose get saving raml2html-markdown-theme to C:\Users\jaco.cebula\AppData\Roaming\npm-cache\registry.npmjs.org\raml2html-markdown-theme\.cache.json
43 verbose correctMkdir C:\Users\jaco.cebula\AppData\Roaming\npm-cache correctMkdir not in flight; initializing
44 silly rollbackFailedOptional Starting
45 silly rollbackFailedOptional Finishing
46 silly runTopLevelLifecycles Finishing
47 silly install printInstalled
48 verbose stack Error: ENOENT: no such file or directory, open 'C:\Users\JACO~1.CEB\AppData\Local\Temp\npm-17912-9a81ccf2\unpack-ab79115a\package.json'
48 verbose stack     at Error (native)
49 verbose cwd C:\Users\jaco.cebula\Source\Repos\api
50 error Windows_NT 10.0.14393
51 error argv "C:\\Program Files\\nodejs\\node.exe" "C:\\Program Files\\nodejs\\node_modules\\npm\\bin\\npm-cli.js" "i" "-g" "raml2html-markdown-theme" "api.raml"
52 error node v6.11.0
53 error npm  v3.10.10
54 error path C:\Users\JACO~1.CEB\AppData\Local\Temp\npm-17912-9a81ccf2\unpack-ab79115a\package.json
55 error code ENOENT
56 error errno -4058
57 error syscall open
58 error enoent ENOENT: no such file or directory, open 'C:\Users\JACO~1.CEB\AppData\Local\Temp\npm-17912-9a81ccf2\unpack-ab79115a\package.json'
59 error enoent ENOENT: no such file or directory, open 'C:\Users\JACO~1.CEB\AppData\Local\Temp\npm-17912-9a81ccf2\unpack-ab79115a\package.json'
59 error enoent This is most likely not a problem with npm itself
59 error enoent and is related to npm not being able to find a file.
60 verbose exit [ -4058, true ]
